

*******************************************************************************
Mon Jan 25 22:32:49 2016


FIT:    data read from 'data.csv'
        format = z
        x range restricted to [0.00000 : 15.0000]
        #datapoints = 16
        residuals are weighted equally (unit weight)

function used for fitting: f(x)
fitted parameters initialized with current variable values



 Iteration 0
 WSSR        : 999.231           delta(WSSR)/WSSR   : 0
 delta(WSSR) : 0                 limit for stopping : 1e-05
 lambda	  : 6.26498

initial set of free parameter values

m               = 1
b               = 1

The maximum lambda = 1.000000e+20 was exceeded. Fit stopped.
final sum of squares of residuals : 0.0315738
rel. change during last iteration : 0

degrees of freedom    (FIT_NDF)                        : 14
rms of residuals      (FIT_STDFIT) = sqrt(WSSR/ndf)    : 0.0474897
variance of residuals (reduced chisquare) = WSSR/ndf   : 0.00225527

Final set of parameters            Asymptotic Standard Error
=======================            ==========================

m               = -0.247559        +/- 0.002575     (1.04%)
b               = 4.93669          +/- 0.02267      (0.4593%)


correlation matrix of the fit parameters:

               m      b      
m               1.000 
b              -0.852  1.000 


*******************************************************************************
Mon Jan 25 22:33:30 2016


FIT:    data read from 'data.csv'
        format = z
        x range restricted to [0.00000 : 15.0000]
        #datapoints = 16
        residuals are weighted equally (unit weight)

function used for fitting: f(x)
fitted parameters initialized with current variable values



 Iteration 0
 WSSR        : 999.231           delta(WSSR)/WSSR   : 0
 delta(WSSR) : 0                 limit for stopping : 1e-05
 lambda	  : 6.26498

initial set of free parameter values

m               = 1
b               = 1

The maximum lambda = 1.000000e+20 was exceeded. Fit stopped.
final sum of squares of residuals : 0.0315738
rel. change during last iteration : 0

degrees of freedom    (FIT_NDF)                        : 14
rms of residuals      (FIT_STDFIT) = sqrt(WSSR/ndf)    : 0.0474897
variance of residuals (reduced chisquare) = WSSR/ndf   : 0.00225527

Final set of parameters            Asymptotic Standard Error
=======================            ==========================

m               = -0.247559        +/- 0.002575     (1.04%)
b               = 4.93669          +/- 0.02267      (0.4593%)


correlation matrix of the fit parameters:

               m      b      
m               1.000 
b              -0.852  1.000 


*******************************************************************************
Mon Jan 25 22:34:37 2016


FIT:    data read from 'data.csv'
        format = z
        x range restricted to [0.00000 : 15.0000]
        #datapoints = 16
        residuals are weighted equally (unit weight)

function used for fitting: f(x)
fitted parameters initialized with current variable values



 Iteration 0
 WSSR        : 999.231           delta(WSSR)/WSSR   : 0
 delta(WSSR) : 0                 limit for stopping : 1e-05
 lambda	  : 6.26498

initial set of free parameter values

m               = 1
b               = 1

The maximum lambda = 1.000000e+20 was exceeded. Fit stopped.
final sum of squares of residuals : 0.0315738
rel. change during last iteration : 0

degrees of freedom    (FIT_NDF)                        : 14
rms of residuals      (FIT_STDFIT) = sqrt(WSSR/ndf)    : 0.0474897
variance of residuals (reduced chisquare) = WSSR/ndf   : 0.00225527

Final set of parameters            Asymptotic Standard Error
=======================            ==========================

m               = -0.247559        +/- 0.002575     (1.04%)
b               = 4.93669          +/- 0.02267      (0.4593%)


correlation matrix of the fit parameters:

               m      b      
m               1.000 
b              -0.852  1.000 


*******************************************************************************
Mon Jan 25 22:37:10 2016


FIT:    data read from 'data.csv'
        format = z
        x range restricted to [0.00000 : 15.0000]
        #datapoints = 16
        residuals are weighted equally (unit weight)

function used for fitting: f(x)
fitted parameters initialized with current variable values



 Iteration 0
 WSSR        : 999.231           delta(WSSR)/WSSR   : 0
 delta(WSSR) : 0                 limit for stopping : 1e-05
 lambda	  : 6.26498

initial set of free parameter values

m               = 1
b               = 1

The maximum lambda = 1.000000e+20 was exceeded. Fit stopped.
final sum of squares of residuals : 0.0315738
rel. change during last iteration : 0

degrees of freedom    (FIT_NDF)                        : 14
rms of residuals      (FIT_STDFIT) = sqrt(WSSR/ndf)    : 0.0474897
variance of residuals (reduced chisquare) = WSSR/ndf   : 0.00225527

Final set of parameters            Asymptotic Standard Error
=======================            ==========================

m               = -0.247559        +/- 0.002575     (1.04%)
b               = 4.93669          +/- 0.02267      (0.4593%)


correlation matrix of the fit parameters:

               m      b      
m               1.000 
b              -0.852  1.000 


*******************************************************************************
Mon Feb  1 19:54:15 2016


FIT:    data read from 'data.csv'
        format = z
        x range restricted to [0.00000 : 15.0000]
        #datapoints = 16
        residuals are weighted equally (unit weight)

function used for fitting: f(x)
fitted parameters initialized with current variable values



 Iteration 0
 WSSR        : 999.231           delta(WSSR)/WSSR   : 0
 delta(WSSR) : 0                 limit for stopping : 1e-05
 lambda	  : 6.26498

initial set of free parameter values

m               = 1
b               = 1

The maximum lambda = 1.000000e+20 was exceeded. Fit stopped.
final sum of squares of residuals : 0.0315738
rel. change during last iteration : 0

degrees of freedom    (FIT_NDF)                        : 14
rms of residuals      (FIT_STDFIT) = sqrt(WSSR/ndf)    : 0.0474897
variance of residuals (reduced chisquare) = WSSR/ndf   : 0.00225527

Final set of parameters            Asymptotic Standard Error
=======================            ==========================

m               = -0.247559        +/- 0.002575     (1.04%)
b               = 4.93669          +/- 0.02267      (0.4593%)


correlation matrix of the fit parameters:

               m      b      
m               1.000 
b              -0.852  1.000 


*******************************************************************************
Mon Feb  1 19:58:06 2016


FIT:    data read from 'data.csv'
        format = z
        x range restricted to [0.00000 : 15.0000]
        #datapoints = 16
        residuals are weighted equally (unit weight)

function used for fitting: f(x)
fitted parameters initialized with current variable values



 Iteration 0
 WSSR        : 999.231           delta(WSSR)/WSSR   : 0
 delta(WSSR) : 0                 limit for stopping : 1e-05
 lambda	  : 6.26498

initial set of free parameter values

m               = 1
b               = 1

The maximum lambda = 1.000000e+20 was exceeded. Fit stopped.
final sum of squares of residuals : 0.0315738
rel. change during last iteration : 0

degrees of freedom    (FIT_NDF)                        : 14
rms of residuals      (FIT_STDFIT) = sqrt(WSSR/ndf)    : 0.0474897
variance of residuals (reduced chisquare) = WSSR/ndf   : 0.00225527

Final set of parameters            Asymptotic Standard Error
=======================            ==========================

m               = -0.247559        +/- 0.002575     (1.04%)
b               = 4.93669          +/- 0.02267      (0.4593%)


correlation matrix of the fit parameters:

               m      b      
m               1.000 
b              -0.852  1.000 
