

*******************************************************************************
Sat Feb 20 12:37:45 2016


FIT:    data read from 'data.csv'
        format = z
        x range restricted to [0.00000 : 15.0000]
        #datapoints = 11
        residuals are weighted equally (unit weight)

function used for fitting: f(x)
fitted parameters initialized with current variable values



 Iteration 0
 WSSR        : 15.7592           delta(WSSR)/WSSR   : 0
 delta(WSSR) : 0                 limit for stopping : 1e-05
 lambda	  : 4.24264

initial set of free parameter values

m               = 1
b               = 1

After 4 iterations the fit converged.
final sum of squares of residuals : 0.25341
rel. change during last iteration : -1.60932e-08

degrees of freedom    (FIT_NDF)                        : 9
rms of residuals      (FIT_STDFIT) = sqrt(WSSR/ndf)    : 0.167799
variance of residuals (reduced chisquare) = WSSR/ndf   : 0.0281567

Final set of parameters            Asymptotic Standard Error
=======================            ==========================

m               = 1.02936          +/- 0.016        (1.554%)
b               = -0.330455        +/- 0.09465      (28.64%)


correlation matrix of the fit parameters:

               m      b      
m               1.000 
b              -0.845  1.000 
