\BOOKMARK [1][-]{section.1}{Messaufgabe}{}% 1
\BOOKMARK [1][-]{section.2}{Messung}{}% 2
\BOOKMARK [2][-]{subsection.2.1}{Messschaltung}{section.2}% 3
\BOOKMARK [2][-]{subsection.2.2}{Aufbau der Schaltung}{section.2}% 4
\BOOKMARK [2][-]{subsection.2.3}{Messwerttabelle}{section.2}% 5
\BOOKMARK [2][-]{subsection.2.4}{Berechnung der Gleichstromverst\344rkung B und Verlustleistung PV}{section.2}% 6
\BOOKMARK [2][-]{subsection.2.5}{\334bersteuerungsgrenze}{section.2}% 7
\BOOKMARK [2][-]{subsection.2.6}{Zweifache S\344ttigung}{section.2}% 8
\BOOKMARK [2][-]{subsection.2.7}{Ruhestrom im Transistor}{section.2}% 9
\BOOKMARK [2][-]{subsection.2.8}{Durchlass- und Sperrwiderstand}{section.2}% 10
\BOOKMARK [1][-]{section.3}{Auswertung und Erkenntnisse}{}% 11
\BOOKMARK [2][-]{subsection.3.1}{Grafische Darstellung der Messwerte}{section.3}% 12
\BOOKMARK [2][-]{subsection.3.2}{Warum erreicht die Kennlinie die X-Achse nicht?}{section.3}% 13
\BOOKMARK [2][-]{subsection.3.3}{An welchem Punkt der Arbeitsgeraden tritt die gr\366\337te Verlustleistung auf?}{section.3}% 14
\BOOKMARK [1][-]{section.4}{Anwendungen}{}% 15
\BOOKMARK [2][-]{subsection.4.1}{Schaltverst\344rker}{section.4}% 16
\BOOKMARK [2][-]{subsection.4.2}{Bistabile Kippstufe}{section.4}% 17
\BOOKMARK [2][-]{subsection.4.3}{Astabiler Multivibrator}{section.4}% 18
\BOOKMARK [3][-]{subsubsection.4.3.1}{Schaltung}{subsection.4.3}% 19
\BOOKMARK [3][-]{subsubsection.4.3.2}{Aufbau der Schaltung}{subsection.4.3}% 20
\BOOKMARK [3][-]{subsubsection.4.3.3}{Funktionsweise der astabilen Kippstufe}{subsection.4.3}% 21
\BOOKMARK [3][-]{subsubsection.4.3.4}{Ver\344nderungen der Kapazit\344ten und Widerst\344nde}{subsection.4.3}% 22
